{"level":"debug","message":"Connected to Papertrail at logs3.papertrailapp.com:23794","timestamp":"2016-03-18T18:40:38.438Z"}
{"level":"debug","message":"Connected to Papertrail at logs3.papertrailapp.com:23794","timestamp":"2016-03-18T18:48:41.570Z"}
{"level":"debug","message":"Connected to Papertrail at logs3.papertrailapp.com:23794","timestamp":"2016-04-06T23:30:00.675Z"}
{"level":"info","message":"recevid login: 7453201","timestamp":"2016-04-06T23:30:53.301Z"}
{"level":"warn","message":"Se reciben datos de un Ap no registrado00193BA88468","timestamp":"2016-04-06T23:30:53.767Z"}
{"date":"Wed Apr 06 2016 17:30:53 GMT-0600 (Central America Standard Time)","process":{"pid":10012,"uid":null,"gid":null,"cwd":"C:\\Users\\Edward Jimenez\\Documents\\GitHub\\CodeOnLive","execPath":"C:\\Program Files\\nodejs\\node.exe","version":"v5.3.0","argv":["C:\\Program Files\\nodejs\\node.exe","C:\\Users\\Edward Jimenez\\Documents\\GitHub\\CodeOnLive\\server.js"],"memoryUsage":{"rss":44613632,"heapTotal":27132672,"heapUsed":23350768}},"os":{"loadavg":[0,0,0],"uptime":525688.4916309},"trace":[{"column":80,"file":"Jimenez\\Documents\\GitHub\\CodeOnLive\\tanaza-connector\\v1\\index.js","function":"C:\\Users\\Edward","line":138,"method":null,"native":false},{"column":19,"file":"Jimenez\\Documents\\GitHub\\CodeOnLive\\node_modules\\mongoose\\lib\\document.js","function":"C:\\Users\\Edward","line":1816,"method":null,"native":false},{"column":22,"file":"Jimenez\\Documents\\GitHub\\CodeOnLive\\node_modules\\hooks-fixed\\hooks.js","function":"handleError (C:\\Users\\Edward","line":40,"method":null,"native":false},{"column":22,"file":"Jimenez\\Documents\\GitHub\\CodeOnLive\\node_modules\\hooks-fixed\\hooks.js","function":"_next (C:\\Users\\Edward","line":46,"method":null,"native":false},{"column":18,"file":"Jimenez\\Documents\\GitHub\\CodeOnLive\\node_modules\\hooks-fixed\\hooks.js","function":"fnWrapper (C:\\Users\\Edward","line":186,"method":null,"native":false},{"column":13,"file":"Jimenez\\Documents\\GitHub\\CodeOnLive\\node_modules\\mongoose\\lib\\schema.js","function":"C:\\Users\\Edward","line":235,"method":null,"native":false},{"column":7,"file":"Jimenez\\Documents\\GitHub\\CodeOnLive\\node_modules\\mongoose\\lib\\document.js","function":"complete (C:\\Users\\Edward","line":1167,"method":null,"native":false},{"column":20,"file":"Jimenez\\Documents\\GitHub\\CodeOnLive\\node_modules\\mongoose\\lib\\document.js","function":"C:\\Users\\Edward","line":1198,"method":null,"native":false},{"column":12,"file":"Jimenez\\Documents\\GitHub\\CodeOnLive\\node_modules\\mongoose\\lib\\schematype.js","function":"ObjectId.SchemaType.doValidate (C:\\Users\\Edward","line":667,"method":"SchemaType.doValidate (C:\\Users\\Edward","native":false},{"column":9,"file":"Jimenez\\Documents\\GitHub\\CodeOnLive\\node_modules\\mongoose\\lib\\document.js","function":"C:\\Users\\Edward","line":1194,"method":null,"native":false},{"column":9,"file":"node.js","function":"nextTickCallbackWith0Args","line":433,"method":null,"native":false},{"column":13,"file":"node.js","function":"process._tickCallback","line":362,"method":"_tickCallback","native":false}],"stack":["ReferenceError: _pJsonLogin is not defined","    at C:\\Users\\Edward Jimenez\\Documents\\GitHub\\CodeOnLive\\tanaza-connector\\v1\\index.js:138:80","    at C:\\Users\\Edward Jimenez\\Documents\\GitHub\\CodeOnLive\\node_modules\\mongoose\\lib\\document.js:1816:19","    at handleError (C:\\Users\\Edward Jimenez\\Documents\\GitHub\\CodeOnLive\\node_modules\\hooks-fixed\\hooks.js:40:22)","    at _next (C:\\Users\\Edward Jimenez\\Documents\\GitHub\\CodeOnLive\\node_modules\\hooks-fixed\\hooks.js:46:22)","    at fnWrapper (C:\\Users\\Edward Jimenez\\Documents\\GitHub\\CodeOnLive\\node_modules\\hooks-fixed\\hooks.js:186:18)","    at C:\\Users\\Edward Jimenez\\Documents\\GitHub\\CodeOnLive\\node_modules\\mongoose\\lib\\schema.js:235:13","    at complete (C:\\Users\\Edward Jimenez\\Documents\\GitHub\\CodeOnLive\\node_modules\\mongoose\\lib\\document.js:1167:7)","    at C:\\Users\\Edward Jimenez\\Documents\\GitHub\\CodeOnLive\\node_modules\\mongoose\\lib\\document.js:1198:20","    at ObjectId.SchemaType.doValidate (C:\\Users\\Edward Jimenez\\Documents\\GitHub\\CodeOnLive\\node_modules\\mongoose\\lib\\schematype.js:667:12)","    at C:\\Users\\Edward Jimenez\\Documents\\GitHub\\CodeOnLive\\node_modules\\mongoose\\lib\\document.js:1194:9","    at nextTickCallbackWith0Args (node.js:433:9)","    at process._tickCallback (node.js:362:13)"],"level":"error","message":"uncaughtException: _pJsonLogin is not defined","timestamp":"2016-04-06T23:30:54.007Z"}
{"level":"warn","message":"Login no registrado7453201","timestamp":"2016-04-06T23:30:54.021Z"}
{"level":"debug","message":"Connected to Papertrail at logs3.papertrailapp.com:23794","timestamp":"2016-04-06T23:32:31.147Z"}
{"level":"info","message":"recevid login: 7453201","timestamp":"2016-04-06T23:32:34.503Z"}
{"level":"warn","message":"Se reciben datos de un Ap no registrado00193BA88468","timestamp":"2016-04-06T23:32:34.609Z"}
{"level":"info","message":"Create user 2081161","timestamp":"2016-04-06T23:32:34.774Z"}
{"level":"info","message":"Create Login 7453201","timestamp":"2016-04-06T23:32:34.858Z"}
{"level":"info","message":"Proccess Login: 7453201","timestamp":"2016-04-06T23:32:34.961Z"}
{"level":"debug","message":"Connected to Papertrail at logs3.papertrailapp.com:23794","timestamp":"2016-04-06T23:33:38.748Z"}
{"level":"info","message":"recevid login: 7453201","timestamp":"2016-04-06T23:33:43.603Z"}
{"level":"warn","message":"Se reciben datos de un Ap no registrado00193BA88468","timestamp":"2016-04-06T23:33:43.733Z"}
{"level":"info","message":"Se actualizo el usuario 2081161 el campo created_at: Anterior: Mon Sep 07 2015 09:30:08 GMT-0600 (Central America Standard Time) Actual: 2015-09-07T15:30:08.398Z","timestamp":"2016-04-06T23:33:43.762Z"}
{"level":"info","message":"Se actualizo el usuario 2081161 el campo last_time_seen: Anterior: Wed Sep 09 2015 12:03:26 GMT-0600 (Central America Standard Time) Actual: 2015-09-09T18:03:26.917Z","timestamp":"2016-04-06T23:33:43.777Z"}
{"level":"info","message":"Create Login 7453201","timestamp":"2016-04-06T23:33:43.808Z"}
{"level":"info","message":"Proccess Login: 7453201","timestamp":"2016-04-06T23:33:43.819Z"}
{"level":"debug","message":"Connected to Papertrail at logs3.papertrailapp.com:23794","timestamp":"2016-04-06T23:35:09.180Z"}
{"level":"info","message":"recevid login: 7453201","timestamp":"2016-04-06T23:35:13.041Z"}
{"level":"warn","message":"Se reciben datos de un Ap no registrado00193BA88468","timestamp":"2016-04-06T23:35:13.197Z"}
{"level":"info","message":"Se actualizo el usuario 2081161 el campo created_at: Anterior: Mon Sep 07 2015 09:30:08 GMT-0600 (Central America Standard Time) Actual: 2015-09-07T15:30:08.398Z","timestamp":"2016-04-06T23:35:13.218Z"}
{"level":"info","message":"Se actualizo el usuario 2081161 el campo last_time_seen: Anterior: Wed Sep 09 2015 12:03:26 GMT-0600 (Central America Standard Time) Actual: 2015-09-09T18:03:26.917Z","timestamp":"2016-04-06T23:35:13.228Z"}
{"level":"info","message":"Create Login 7453201","timestamp":"2016-04-06T23:35:13.267Z"}
{"level":"info","message":"Proccess Login: 7453201","timestamp":"2016-04-06T23:35:13.282Z"}
{"level":"debug","message":"Connected to Papertrail at logs3.papertrailapp.com:23794","timestamp":"2016-04-06T23:37:32.029Z"}
{"level":"info","message":"recevid login: 7453201","timestamp":"2016-04-06T23:37:35.694Z"}
{"level":"warn","message":"Se reciben datos de un Ap no registrado00193BA88468","timestamp":"2016-04-06T23:37:35.828Z"}
{"level":"info","message":"Se actualizo el usuario 2081161 el campo created_at: Anterior: Mon Sep 07 2015 09:30:08 GMT-0600 (Central America Standard Time) Actual: 2015-09-07T15:30:08.398Z","timestamp":"2016-04-06T23:37:35.883Z"}
{"level":"info","message":"Se actualizo el usuario 2081161 el campo last_time_seen: Anterior: Wed Sep 09 2015 12:03:26 GMT-0600 (Central America Standard Time) Actual: 2015-09-09T18:03:26.917Z","timestamp":"2016-04-06T23:37:35.905Z"}
{"level":"info","message":"Create Login 7453201","timestamp":"2016-04-06T23:37:35.936Z"}
{"level":"info","message":"Proccess Login: 7453201","timestamp":"2016-04-06T23:37:35.946Z"}
{"level":"debug","message":"Connected to Papertrail at logs3.papertrailapp.com:23794","timestamp":"2016-04-06T23:38:12.216Z"}
{"level":"info","message":"recevid login: 7453201","timestamp":"2016-04-06T23:38:14.697Z"}
{"level":"warn","message":"Se reciben datos de un Ap no registrado00193BA88468","timestamp":"2016-04-06T23:38:14.792Z"}
{"level":"info","message":"Se actualizo el usuario 2081161 el campo created_at: Anterior: Mon Sep 07 2015 09:30:08 GMT-0600 (Central America Standard Time) Actual: 2015-09-07T15:30:08.398Z","timestamp":"2016-04-06T23:38:14.814Z"}
{"level":"info","message":"Se actualizo el usuario 2081161 el campo last_time_seen: Anterior: Wed Sep 09 2015 12:03:26 GMT-0600 (Central America Standard Time) Actual: 2015-09-09T18:03:26.917Z","timestamp":"2016-04-06T23:38:14.823Z"}
{"level":"info","message":"Create Login 7453201","timestamp":"2016-04-06T23:38:14.875Z"}
{"level":"info","message":"Proccess Login: 7453201","timestamp":"2016-04-06T23:38:14.888Z"}
{"level":"info","message":"recevid login: 7453201","timestamp":"2016-04-06T23:38:42.028Z"}
{"level":"warn","message":"Se reciben datos de un Ap no registrado00193BA88468","timestamp":"2016-04-06T23:38:42.047Z"}
{"level":"info","message":"Se actualizo el usuario 2081161 el campo created_at: Anterior: Mon Sep 07 2015 09:30:08 GMT-0600 (Central America Standard Time) Actual: 2015-09-07T15:30:08.398Z","timestamp":"2016-04-06T23:38:42.062Z"}
{"level":"info","message":"Se actualizo el usuario 2081161 el campo last_time_seen: Anterior: Wed Sep 09 2015 12:03:26 GMT-0600 (Central America Standard Time) Actual: 2015-09-09T18:03:26.917Z","timestamp":"2016-04-06T23:38:42.070Z"}
{"level":"info","message":"Create Login 7453201","timestamp":"2016-04-06T23:38:42.125Z"}
{"level":"info","message":"Proccess Login: 7453201","timestamp":"2016-04-06T23:38:42.134Z"}
{"level":"debug","message":"Connected to Papertrail at logs3.papertrailapp.com:23794","timestamp":"2016-04-06T23:40:54.123Z"}
{"level":"info","message":"recevid login: 7453201","timestamp":"2016-04-06T23:41:05.928Z"}
{"level":"warn","message":"Se reciben datos de un Ap no registrado00193BA88468","timestamp":"2016-04-06T23:41:06.068Z"}
{"level":"info","message":"Se actualizo el usuario 2081161 el campo created_at: Anterior: Mon Sep 07 2015 09:30:08 GMT-0600 (Central America Standard Time) Actual: 2015-09-07T15:30:08.398Z","timestamp":"2016-04-06T23:41:06.094Z"}
{"level":"info","message":"Se actualizo el usuario 2081161 el campo last_time_seen: Anterior: Wed Sep 09 2015 12:03:26 GMT-0600 (Central America Standard Time) Actual: 2015-09-09T18:03:26.917Z","timestamp":"2016-04-06T23:41:06.112Z"}
{"level":"info","message":"Create Login 7453201","timestamp":"2016-04-06T23:41:06.152Z"}
{"level":"info","message":"Proccess Login: 7453201","timestamp":"2016-04-06T23:41:06.164Z"}
{"level":"debug","message":"Connected to Papertrail at logs3.papertrailapp.com:23794","timestamp":"2016-04-06T23:43:08.359Z"}
{"level":"info","message":"recevid login: 7453201","timestamp":"2016-04-06T23:43:11.194Z"}
{"level":"warn","message":"Se reciben datos de un Ap no registrado00193BA88468","timestamp":"2016-04-06T23:43:11.305Z"}
{"level":"info","message":"Se actualizo el usuario 2081161 el campo created_at: Anterior: Mon Sep 07 2015 09:30:08 GMT-0600 (Central America Standard Time) Actual: 2015-09-07T15:30:08.398Z","timestamp":"2016-04-06T23:43:11.329Z"}
{"level":"info","message":"Se actualizo el usuario 2081161 el campo last_time_seen: Anterior: Wed Sep 09 2015 12:03:26 GMT-0600 (Central America Standard Time) Actual: 2015-09-09T18:03:26.917Z","timestamp":"2016-04-06T23:43:11.336Z"}
{"level":"warn","message":"Login no registrado7453201","timestamp":"2016-04-06T23:43:11.369Z"}
{"level":"debug","message":"Connected to Papertrail at logs3.papertrailapp.com:23794","timestamp":"2016-04-06T23:44:19.048Z"}
{"level":"debug","message":"Connected to Papertrail at logs3.papertrailapp.com:23794","timestamp":"2016-04-06T23:44:49.653Z"}
{"level":"info","message":"recevid login: 7453201","timestamp":"2016-04-06T23:44:54.023Z"}
{"level":"warn","message":"Se reciben datos de un Ap no registrado00193BA88468","timestamp":"2016-04-06T23:44:54.113Z"}
{"level":"info","message":"Se actualizo el usuario 2081161 el campo created_at: Anterior: Mon Sep 07 2015 09:30:08 GMT-0600 (Central America Standard Time) Actual: 2015-09-07T15:30:08.398Z","timestamp":"2016-04-06T23:44:54.151Z"}
{"level":"info","message":"Se actualizo el usuario 2081161 el campo last_time_seen: Anterior: Wed Sep 09 2015 12:03:26 GMT-0600 (Central America Standard Time) Actual: 2015-09-09T18:03:26.917Z","timestamp":"2016-04-06T23:44:54.158Z"}
{"level":"warn","message":"Login no registrado7453201","timestamp":"2016-04-06T23:44:54.193Z"}
{"level":"debug","message":"Connected to Papertrail at logs3.papertrailapp.com:23794","timestamp":"2016-04-06T23:48:07.623Z"}
{"level":"info","message":"recevid login: 7453201","timestamp":"2016-04-06T23:48:12.302Z"}
{"level":"warn","message":"Se reciben datos de un Ap no registrado00193BA88468","timestamp":"2016-04-06T23:48:12.429Z"}
{"level":"info","message":"Se actualizo el usuario 2081161 el campo created_at: Anterior: Mon Sep 07 2015 09:30:08 GMT-0600 (Central America Standard Time) Actual: 2015-09-07T15:30:08.398Z","timestamp":"2016-04-06T23:48:12.466Z"}
{"level":"info","message":"Se actualizo el usuario 2081161 el campo last_time_seen: Anterior: Wed Sep 09 2015 12:03:26 GMT-0600 (Central America Standard Time) Actual: 2015-09-09T18:03:26.917Z","timestamp":"2016-04-06T23:48:12.478Z"}
{"level":"warn","message":"Login no registrado7453201","timestamp":"2016-04-06T23:48:12.503Z"}
{"level":"debug","message":"Connected to Papertrail at logs3.papertrailapp.com:23794","timestamp":"2016-04-06T23:49:52.653Z"}
{"level":"info","message":"recevid login: 7453201","timestamp":"2016-04-06T23:49:55.679Z"}
{"level":"warn","message":"Se reciben datos de un Ap no registrado00193BA88468","timestamp":"2016-04-06T23:49:55.800Z"}
{"level":"info","message":"Se actualizo el usuario 2081161 el campo created_at: Anterior: Mon Sep 07 2015 09:30:08 GMT-0600 (Central America Standard Time) Actual: 2015-09-07T15:30:08.398Z","timestamp":"2016-04-06T23:49:55.821Z"}
{"level":"info","message":"Se actualizo el usuario 2081161 el campo last_time_seen: Anterior: Wed Sep 09 2015 12:03:26 GMT-0600 (Central America Standard Time) Actual: 2015-09-09T18:03:26.917Z","timestamp":"2016-04-06T23:49:55.830Z"}
{"level":"info","message":"Create Login 7453201","timestamp":"2016-04-06T23:49:55.886Z"}
{"level":"info","message":"Proccess Login: 7453201","timestamp":"2016-04-06T23:49:55.898Z"}
{"level":"debug","message":"Connected to Papertrail at logs3.papertrailapp.com:23794","timestamp":"2016-04-06T23:51:10.188Z"}
{"level":"info","message":"recevid login: 7453201","timestamp":"2016-04-06T23:51:17.616Z"}
{"level":"warn","message":"Se reciben datos de un Ap no registrado00193BA88468","timestamp":"2016-04-06T23:51:17.722Z"}
{"level":"info","message":"Se actualizo el usuario 2081161 el campo created_at: Anterior: Mon Sep 07 2015 09:30:08 GMT-0600 (Central America Standard Time) Actual: 2015-09-07T15:30:08.398Z","timestamp":"2016-04-06T23:51:17.754Z"}
{"level":"info","message":"Se actualizo el usuario 2081161 el campo last_time_seen: Anterior: Wed Sep 09 2015 12:03:26 GMT-0600 (Central America Standard Time) Actual: 2015-09-09T18:03:26.917Z","timestamp":"2016-04-06T23:51:17.774Z"}
{"level":"info","message":"Create Login 7453201","timestamp":"2016-04-06T23:51:17.819Z"}
{"level":"info","message":"Proccess Login: 7453201","timestamp":"2016-04-06T23:51:17.832Z"}
{"level":"debug","message":"Connected to Papertrail at logs3.papertrailapp.com:23794","timestamp":"2016-04-06T23:51:47.941Z"}
{"level":"info","message":"recevid login: 7453201","timestamp":"2016-04-06T23:52:01.759Z"}
{"level":"warn","message":"Se reciben datos de un Ap no registrado00193BA88468","timestamp":"2016-04-06T23:52:01.909Z"}
{"level":"info","message":"Se actualizo el usuario 2081161 el campo created_at: Anterior: Mon Sep 07 2015 09:30:08 GMT-0600 (Central America Standard Time) Actual: 2015-09-07T15:30:08.398Z","timestamp":"2016-04-06T23:52:01.940Z"}
{"level":"info","message":"Se actualizo el usuario 2081161 el campo last_time_seen: Anterior: Wed Sep 09 2015 12:03:26 GMT-0600 (Central America Standard Time) Actual: 2015-09-09T18:03:26.917Z","timestamp":"2016-04-06T23:52:01.964Z"}
{"level":"warn","message":"Login no registrado7453201","timestamp":"2016-04-06T23:52:02.006Z"}
{"level":"debug","message":"Connected to Papertrail at logs3.papertrailapp.com:23794","timestamp":"2016-04-07T00:02:03.489Z"}
{"level":"debug","message":"Connected to Papertrail at logs3.papertrailapp.com:23794","timestamp":"2016-04-07T00:03:18.408Z"}
{"level":"info","message":"recevid login: 7453201","timestamp":"2016-04-07T00:03:23.598Z"}
{"date":"Wed Apr 06 2016 18:03:23 GMT-0600 (Central America Standard Time)","process":{"pid":14304,"uid":null,"gid":null,"cwd":"C:\\Users\\Edward Jimenez\\Documents\\GitHub\\CodeOnLive","execPath":"C:\\Program Files\\nodejs\\node.exe","version":"v5.3.0","argv":["C:\\Program Files\\nodejs\\node.exe","C:\\Users\\Edward Jimenez\\Documents\\GitHub\\CodeOnLive\\server.js"],"memoryUsage":{"rss":54669312,"heapTotal":37414144,"heapUsed":25207088}},"os":{"loadavg":[0,0,0],"uptime":527638.2477892},"trace":[{"column":8,"file":"Jimenez\\Documents\\GitHub\\CodeOnLive\\tanaza-connector\\v1\\index.js","function":"C:\\Users\\Edward","line":99,"method":null,"native":false},{"column":28,"file":"Jimenez\\Documents\\GitHub\\CodeOnLive\\node_modules\\mongoose\\lib\\query.js","function":"Query.<anonymous> (C:\\Users\\Edward","line":2149,"method":"<anonymous> (C:\\Users\\Edward","native":false},{"column":19,"file":"Jimenez\\Documents\\GitHub\\CodeOnLive\\node_modules\\kareem\\index.js","function":"C:\\Users\\Edward","line":177,"method":null,"native":false},{"column":16,"file":"Jimenez\\Documents\\GitHub\\CodeOnLive\\node_modules\\kareem\\index.js","function":"C:\\Users\\Edward","line":109,"method":null,"native":false},{"column":9,"file":"node.js","function":"nextTickCallbackWith0Args","line":433,"method":null,"native":false},{"column":13,"file":"node.js","function":"process._tickCallback","line":362,"method":"_tickCallback","native":false}],"stack":["ReferenceError: pUser is not defined","    at C:\\Users\\Edward Jimenez\\Documents\\GitHub\\CodeOnLive\\tanaza-connector\\v1\\index.js:99:8","    at Query.<anonymous> (C:\\Users\\Edward Jimenez\\Documents\\GitHub\\CodeOnLive\\node_modules\\mongoose\\lib\\query.js:2149:28)","    at C:\\Users\\Edward Jimenez\\Documents\\GitHub\\CodeOnLive\\node_modules\\kareem\\index.js:177:19","    at C:\\Users\\Edward Jimenez\\Documents\\GitHub\\CodeOnLive\\node_modules\\kareem\\index.js:109:16","    at nextTickCallbackWith0Args (node.js:433:9)","    at process._tickCallback (node.js:362:13)"],"level":"error","message":"uncaughtException: pUser is not defined","timestamp":"2016-04-07T00:03:23.752Z"}
{"level":"debug","message":"Connected to Papertrail at logs3.papertrailapp.com:23794","timestamp":"2016-04-07T00:05:04.185Z"}
{"level":"debug","message":"Connected to Papertrail at logs3.papertrailapp.com:23794","timestamp":"2016-04-07T00:05:08.264Z"}
{"level":"info","message":"recevid login: 7453201","timestamp":"2016-04-07T00:05:11.789Z"}
{"level":"warn","message":"Se reciben datos de un Ap no registrado00193BA88468","timestamp":"2016-04-07T00:05:11.911Z"}
{"level":"info","message":"Se actualizo el usuario 2081161 el campo created_at: Anterior: Mon Sep 07 2015 09:30:08 GMT-0600 (Central America Standard Time) Actual: 2015-09-07T15:30:08.398Z","timestamp":"2016-04-07T00:05:11.933Z"}
{"level":"info","message":"Se actualizo el usuario 2081161 el campo last_time_seen: Anterior: Wed Sep 09 2015 12:03:26 GMT-0600 (Central America Standard Time) Actual: 2015-09-09T18:03:26.917Z","timestamp":"2016-04-07T00:05:11.941Z"}
{"level":"info","message":"Create Login 7453201","timestamp":"2016-04-07T00:05:12.000Z"}
{"level":"info","message":"Proccess Login: 7453201","timestamp":"2016-04-07T00:05:12.012Z"}
